This is e-upTeX, Version 3.14159265-p3.8.2-u1.24-190131-2.6 (utf8.uptex) (TeX Live 2019) (preloaded format=uplatex 2019.7.16)  29 MAR 2021 17:21
entering extended mode
 restricted \write18 enabled.
 %&-line parsing enabled.
**_index.md
(./_index.md
pLaTeX2e <2019-04-06u02> (based on LaTeX2e <2018-12-01>)

! LaTeX Error: Missing \begin{document}.

See the LaTeX manual or LaTeX Companion for explanation.
Type  H <return>  for immediate help.
 ...                                              
                                                  
l.1 -
     --
? 
! Emergency stop.
 ...                                              
                                                  
l.1 -
     --
You're in trouble here.  Try typing  <return>  to proceed.
If that doesn't work, type  X <return>  to quit.

 
Here is how much of TeX's memory you used:
 6 strings out of 493212
 172 string characters out of 6144392
 62346 words of memory out of 5000000
 4105 multiletter control sequences out of 15000+600000
 6281 words of font info for 32 fonts, out of 8000000 for 9000
 929 hyphenation exceptions out of 8191
 5i,0n,4p,15b,14s stack positions out of 5000i,500n,10000p,200000b,80000s
No pages of output.
